<?xml version="1.0" encoding="UTF-8"?>
<!-- Generated by org.testng.reporters.JUnitReportReporter -->
<testsuite hostname="SAMARTH" failures="0" tests="4" name="com.qa.opencart.tests.AccountPageTest" time="0.236" errors="0" timestamp="10 Oct 2024 13:19:07 GMT" skipped="0">
  <testcase classname="com.qa.opencart.tests.AccountPageTest" name="accPageTitleTest" time="0.068"/>
  <testcase classname="com.qa.opencart.tests.AccountPageTest" name="accPageUrlTest" time="0.014"/>
  <testcase classname="com.qa.opencart.tests.AccountPageTest" name="isLogoutLinkExistTest" time="0.060"/>
  <testcase classname="com.qa.opencart.tests.AccountPageTest" name="accPageHeaderstest" time="0.094"/>
</testsuite> <!-- com.qa.opencart.tests.AccountPageTest -->
