<?xml version="1.0" encoding="UTF-8"?>
<!-- Generated by org.testng.reporters.JUnitReportReporter -->
<testsuite hostname="SAMARTH" failures="0" tests="4" name="com.qa.opencart.tests.LoginPageTest" time="0.979" errors="0" timestamp="10 Oct 2024 13:17:32 GMT" skipped="0">
  <testcase classname="com.qa.opencart.tests.LoginPageTest" name="loginPageTitleTest" time="0.090"/>
  <testcase classname="com.qa.opencart.tests.LoginPageTest" name="loginPageTUrlTest" time="0.019"/>
  <testcase classname="com.qa.opencart.tests.LoginPageTest" name="forgotPwdLinkExistTest" time="0.074"/>
  <testcase classname="com.qa.opencart.tests.LoginPageTest" name="loginTest" time="0.796"/>
</testsuite> <!-- com.qa.opencart.tests.LoginPageTest -->
